<?xml version="1.0" encoding="UTF-8"?>
<coverage generated="1674906459468" clover="3.2.0">
  <project timestamp="1674906459468" name="All files">
    <metrics statements="22" coveredstatements="12" conditionals="8" coveredconditionals="3" methods="6" coveredmethods="3" elements="36" coveredelements="18" complexity="0" loc="22" ncloc="22" packages="1" files="1" classes="1"/>
    <file name="manageTask.js" path="C:\Users\Chukwuemeka\Desktop\project\microverse\todo_list\src\modules\manageTask.js">
      <metrics statements="22" coveredstatements="12" conditionals="8" coveredconditionals="3" methods="6" coveredmethods="3"/>
      <line num="2" count="1" type="stmt"/>
      <line num="5" count="4" type="stmt"/>
      <line num="6" count="4" type="stmt"/>
      <line num="7" count="4" type="stmt"/>
      <line num="11" count="3" type="stmt"/>
      <line num="12" count="3" type="cond" truecount="1" falsecount="1"/>
      <line num="13" count="0" type="stmt"/>
      <line num="14" count="0" type="stmt"/>
      <line num="17" count="3" type="cond" truecount="2" falsecount="0"/>
      <line num="18" count="3" type="stmt"/>
      <line num="19" count="3" type="stmt"/>
      <line num="20" count="3" type="stmt"/>
      <line num="21" count="6" type="stmt"/>
      <line num="23" count="3" type="stmt"/>
      <line num="30" count="0" type="stmt"/>
      <line num="31" count="0" type="cond" truecount="0" falsecount="2"/>
      <line num="32" count="0" type="stmt"/>
      <line num="33" count="0" type="cond" truecount="0" falsecount="2"/>
      <line num="34" count="0" type="stmt"/>
      <line num="35" count="0" type="stmt"/>
      <line num="36" count="0" type="stmt"/>
      <line num="38" count="0" type="stmt"/>
    </file>
  </project>
</coverage>
