{"C:\\Users\\Chukwuemeka\\Desktop\\project\\microverse\\todo_list\\src\\modules\\clear.js": {"path":"C:\\Users\\Chukwuemeka\\Desktop\\project\\microverse\\todo_list\\src\\modules\\clear.js","statementMap":{"0":{"start":{"line":2,"column":22},"end":{"line":2,"column":54}},"1":{"start":{"line":5,"column":16},"end":{"line":5,"column":65}},"2":{"start":{"line":6,"column":4},"end":{"line":6,"column":61}},"3":{"start":{"line":6,"column":35},"end":{"line":6,"column":59}},"4":{"start":{"line":7,"column":4},"end":{"line":7,"column":57}},"5":{"start":{"line":8,"column":4},"end":{"line":8,"column":29}}},"fnMap":{"0":{"name":"clearCompletedTasks","decl":{"start":{"line":1,"column":24},"end":{"line":1,"column":43}},"loc":{"start":{"line":1,"column":46},"end":{"line":10,"column":1}},"line":1},"1":{"name":"(anonymous_1)","decl":{"start":{"line":6,"column":25},"end":{"line":6,"column":26}},"loc":{"start":{"line":6,"column":35},"end":{"line":6,"column":59}},"line":6}},"branchMap":{"0":{"loc":{"start":{"line":5,"column":27},"end":{"line":5,"column":64}},"type":"binary-expr","locations":[{"start":{"line":5,"column":27},"end":{"line":5,"column":56}},{"start":{"line":5,"column":60},"end":{"line":5,"column":64}}],"line":5}},"s":{"0":1,"1":1,"2":1,"3":3,"4":1,"5":1},"f":{"0":1,"1":3},"b":{"0":[1,0]},"_coverageSchema":"1a1c01bbd47fc00a2c39e90264f33305004495a9","hash":"2d700d84e656cc0d634daa5101e2936e901143ba"}
,"C:\\Users\\Chukwuemeka\\Desktop\\project\\microverse\\todo_list\\src\\modules\\edit.js": {"path":"C:\\Users\\Chukwuemeka\\Desktop\\project\\microverse\\todo_list\\src\\modules\\edit.js","statementMap":{"0":{"start":{"line":4,"column":4},"end":{"line":9,"column":7}},"1":{"start":{"line":5,"column":6},"end":{"line":8,"column":7}},"2":{"start":{"line":6,"column":8},"end":{"line":6,"column":38}},"3":{"start":{"line":7,"column":8},"end":{"line":7,"column":61}},"4":{"start":{"line":13,"column":6},"end":{"line":18,"column":9}},"5":{"start":{"line":14,"column":8},"end":{"line":17,"column":9}},"6":{"start":{"line":15,"column":10},"end":{"line":15,"column":40}},"7":{"start":{"line":16,"column":10},"end":{"line":16,"column":63}}},"fnMap":{"0":{"name":"editTask","decl":{"start":{"line":2,"column":24},"end":{"line":2,"column":32}},"loc":{"start":{"line":2,"column":46},"end":{"line":19,"column":5}},"line":2},"1":{"name":"(anonymous_1)","decl":{"start":{"line":4,"column":18},"end":{"line":4,"column":19}},"loc":{"start":{"line":4,"column":28},"end":{"line":9,"column":5}},"line":4},"2":{"name":"(anonymous_2)","decl":{"start":{"line":13,"column":20},"end":{"line":13,"column":21}},"loc":{"start":{"line":13,"column":30},"end":{"line":18,"column":7}},"line":13}},"branchMap":{"0":{"loc":{"start":{"line":5,"column":6},"end":{"line":8,"column":7}},"type":"if","locations":[{"start":{"line":5,"column":6},"end":{"line":8,"column":7}},{"start":{},"end":{}}],"line":5},"1":{"loc":{"start":{"line":14,"column":8},"end":{"line":17,"column":9}},"type":"if","locations":[{"start":{"line":14,"column":8},"end":{"line":17,"column":9}},{"start":{},"end":{}}],"line":14}},"s":{"0":1,"1":3,"2":0,"3":0,"4":1,"5":3,"6":0,"7":0},"f":{"0":1,"1":3,"2":3},"b":{"0":[0,3],"1":[0,3]},"_coverageSchema":"1a1c01bbd47fc00a2c39e90264f33305004495a9","hash":"72dec4828758fc3fd401a91a13556eaf4e6ad201"}
,"C:\\Users\\Chukwuemeka\\Desktop\\project\\microverse\\todo_list\\src\\modules\\manageTask.js": {"path":"C:\\Users\\Chukwuemeka\\Desktop\\project\\microverse\\todo_list\\src\\modules\\manageTask.js","statementMap":{"0":{"start":{"line":2,"column":14},"end":{"line":2,"column":16}},"1":{"start":{"line":5,"column":4},"end":{"line":5,"column":35}},"2":{"start":{"line":6,"column":4},"end":{"line":6,"column":34}},"3":{"start":{"line":7,"column":4},"end":{"line":7,"column":27}},"4":{"start":{"line":11,"column":4},"end":{"line":11,"column":35}},"5":{"start":{"line":12,"column":4},"end":{"line":26,"column":5}},"6":{"start":{"line":13,"column":6},"end":{"line":13,"column":87}},"7":{"start":{"line":14,"column":6},"end":{"line":14,"column":33}},"8":{"start":{"line":17,"column":20},"end":{"line":17,"column":67}},"9":{"start":{"line":18,"column":22},"end":{"line":18,"column":44}},"10":{"start":{"line":19,"column":6},"end":{"line":19,"column":26}},"11":{"start":{"line":20,"column":6},"end":{"line":22,"column":9}},"12":{"start":{"line":21,"column":8},"end":{"line":21,"column":27}},"13":{"start":{"line":23,"column":6},"end":{"line":23,"column":59}},"14":{"start":{"line":30,"column":4},"end":{"line":30,"column":23}},"15":{"start":{"line":31,"column":18},"end":{"line":31,"column":65}},"16":{"start":{"line":32,"column":4},"end":{"line":40,"column":7}},"17":{"start":{"line":33,"column":6},"end":{"line":39,"column":7}},"18":{"start":{"line":34,"column":8},"end":{"line":34,"column":28}},"19":{"start":{"line":35,"column":8},"end":{"line":37,"column":11}},"20":{"start":{"line":36,"column":10},"end":{"line":36,"column":29}},"21":{"start":{"line":38,"column":8},"end":{"line":38,"column":61}}},"fnMap":{"0":{"name":"(anonymous_0)","decl":{"start":{"line":4,"column":2},"end":{"line":4,"column":3}},"loc":{"start":{"line":4,"column":27},"end":{"line":8,"column":3}},"line":4},"1":{"name":"(anonymous_1)","decl":{"start":{"line":10,"column":2},"end":{"line":10,"column":3}},"loc":{"start":{"line":10,"column":23},"end":{"line":27,"column":3}},"line":10},"2":{"name":"(anonymous_2)","decl":{"start":{"line":20,"column":20},"end":{"line":20,"column":21}},"loc":{"start":{"line":20,"column":33},"end":{"line":22,"column":7}},"line":20},"3":{"name":"(anonymous_3)","decl":{"start":{"line":29,"column":2},"end":{"line":29,"column":3}},"loc":{"start":{"line":29,"column":20},"end":{"line":41,"column":3}},"line":29},"4":{"name":"(anonymous_4)","decl":{"start":{"line":32,"column":17},"end":{"line":32,"column":18}},"loc":{"start":{"line":32,"column":28},"end":{"line":40,"column":5}},"line":32},"5":{"name":"(anonymous_5)","decl":{"start":{"line":35,"column":22},"end":{"line":35,"column":23}},"loc":{"start":{"line":35,"column":35},"end":{"line":37,"column":9}},"line":35}},"branchMap":{"0":{"loc":{"start":{"line":12,"column":4},"end":{"line":26,"column":5}},"type":"if","locations":[{"start":{"line":12,"column":4},"end":{"line":26,"column":5}},{"start":{"line":16,"column":11},"end":{"line":26,"column":5}}],"line":12},"1":{"loc":{"start":{"line":17,"column":20},"end":{"line":17,"column":67}},"type":"binary-expr","locations":[{"start":{"line":17,"column":20},"end":{"line":17,"column":61}},{"start":{"line":17,"column":65},"end":{"line":17,"column":67}}],"line":17},"2":{"loc":{"start":{"line":31,"column":18},"end":{"line":31,"column":65}},"type":"binary-expr","locations":[{"start":{"line":31,"column":18},"end":{"line":31,"column":59}},{"start":{"line":31,"column":63},"end":{"line":31,"column":65}}],"line":31},"3":{"loc":{"start":{"line":33,"column":6},"end":{"line":39,"column":7}},"type":"if","locations":[{"start":{"line":33,"column":6},"end":{"line":39,"column":7}},{"start":{},"end":{}}],"line":33}},"s":{"0":1,"1":5,"2":5,"3":5,"4":4,"5":4,"6":0,"7":0,"8":4,"9":4,"10":4,"11":4,"12":10,"13":4,"14":1,"15":1,"16":1,"17":3,"18":1,"19":1,"20":3,"21":1},"f":{"0":5,"1":4,"2":10,"3":1,"4":3,"5":3},"b":{"0":[0,4],"1":[4,1],"2":[1,0],"3":[1,2]},"_coverageSchema":"1a1c01bbd47fc00a2c39e90264f33305004495a9","hash":"ae58e5d306e47bf62bc8b253c2ec5f6b2fbb1231"}
,"C:\\Users\\Chukwuemeka\\Desktop\\project\\microverse\\todo_list\\src\\modules\\status.js": {"path":"C:\\Users\\Chukwuemeka\\Desktop\\project\\microverse\\todo_list\\src\\modules\\status.js","statementMap":{"0":{"start":{"line":2,"column":2},"end":{"line":21,"column":5}},"1":{"start":{"line":3,"column":24},"end":{"line":3,"column":59}},"2":{"start":{"line":4,"column":4},"end":{"line":20,"column":7}},"3":{"start":{"line":5,"column":6},"end":{"line":19,"column":9}},"4":{"start":{"line":6,"column":20},"end":{"line":6,"column":22}},"5":{"start":{"line":7,"column":8},"end":{"line":7,"column":66}},"6":{"start":{"line":8,"column":8},"end":{"line":18,"column":11}},"7":{"start":{"line":9,"column":10},"end":{"line":17,"column":11}},"8":{"start":{"line":10,"column":12},"end":{"line":10,"column":34}},"9":{"start":{"line":11,"column":12},"end":{"line":11,"column":36}},"10":{"start":{"line":12,"column":12},"end":{"line":12,"column":65}},"11":{"start":{"line":13,"column":17},"end":{"line":17,"column":11}},"12":{"start":{"line":14,"column":12},"end":{"line":14,"column":35}},"13":{"start":{"line":15,"column":12},"end":{"line":15,"column":37}},"14":{"start":{"line":16,"column":12},"end":{"line":16,"column":65}}},"fnMap":{"0":{"name":"updateTaskStatus","decl":{"start":{"line":1,"column":24},"end":{"line":1,"column":40}},"loc":{"start":{"line":1,"column":43},"end":{"line":22,"column":1}},"line":1},"1":{"name":"(anonymous_1)","decl":{"start":{"line":2,"column":48},"end":{"line":2,"column":49}},"loc":{"start":{"line":2,"column":54},"end":{"line":21,"column":3}},"line":2},"2":{"name":"(anonymous_2)","decl":{"start":{"line":4,"column":24},"end":{"line":4,"column":25}},"loc":{"start":{"line":4,"column":35},"end":{"line":20,"column":5}},"line":4},"3":{"name":"(anonymous_3)","decl":{"start":{"line":5,"column":39},"end":{"line":5,"column":40}},"loc":{"start":{"line":5,"column":46},"end":{"line":19,"column":7}},"line":5},"4":{"name":"(anonymous_4)","decl":{"start":{"line":8,"column":22},"end":{"line":8,"column":23}},"loc":{"start":{"line":8,"column":32},"end":{"line":18,"column":9}},"line":8}},"branchMap":{"0":{"loc":{"start":{"line":7,"column":27},"end":{"line":7,"column":64}},"type":"binary-expr","locations":[{"start":{"line":7,"column":27},"end":{"line":7,"column":56}},{"start":{"line":7,"column":60},"end":{"line":7,"column":64}}],"line":7},"1":{"loc":{"start":{"line":9,"column":10},"end":{"line":17,"column":11}},"type":"if","locations":[{"start":{"line":9,"column":10},"end":{"line":17,"column":11}},{"start":{"line":13,"column":17},"end":{"line":17,"column":11}}],"line":9},"2":{"loc":{"start":{"line":9,"column":14},"end":{"line":9,"column":82}},"type":"binary-expr","locations":[{"start":{"line":9,"column":15},"end":{"line":9,"column":51}},{"start":{"line":9,"column":57},"end":{"line":9,"column":81}}],"line":9},"3":{"loc":{"start":{"line":13,"column":17},"end":{"line":17,"column":11}},"type":"if","locations":[{"start":{"line":13,"column":17},"end":{"line":17,"column":11}},{"start":{},"end":{}}],"line":13},"4":{"loc":{"start":{"line":13,"column":21},"end":{"line":13,"column":88}},"type":"binary-expr","locations":[{"start":{"line":13,"column":22},"end":{"line":13,"column":58}},{"start":{"line":13,"column":64},"end":{"line":13,"column":87}}],"line":13}},"s":{"0":3,"1":0,"2":0,"3":0,"4":0,"5":0,"6":0,"7":0,"8":0,"9":0,"10":0,"11":0,"12":0,"13":0,"14":0},"f":{"0":3,"1":0,"2":0,"3":0,"4":0},"b":{"0":[0,0],"1":[0,0],"2":[0,0],"3":[0,0],"4":[0,0]},"_coverageSchema":"1a1c01bbd47fc00a2c39e90264f33305004495a9","hash":"cb1ee49a986f8c9498d4343caf40cf667b3e14bb"}
}
