TN:
SF:src\modules\clear.js
FN:1,clearCompletedTasks
FN:6,(anonymous_1)
FNF:2
FNH:2
FNDA:1,clearCompletedTasks
FNDA:3,(anonymous_1)
DA:2,1
DA:5,1
DA:6,3
DA:7,1
DA:8,1
LF:5
LH:5
BRDA:5,0,0,1
BRDA:5,0,1,0
BRF:2
BRH:1
end_of_record
TN:
SF:src\modules\edit.js
FN:2,editTask
FN:4,(anonymous_1)
FN:13,(anonymous_2)
FNF:3
FNH:3
FNDA:1,editTask
FNDA:3,(anonymous_1)
FNDA:3,(anonymous_2)
DA:4,1
DA:5,3
DA:6,0
DA:7,0
DA:13,1
DA:14,3
DA:15,0
DA:16,0
LF:8
LH:4
BRDA:5,0,0,0
BRDA:5,0,1,3
BRDA:14,1,0,0
BRDA:14,1,1,3
BRF:4
BRH:2
end_of_record
TN:
SF:src\modules\manageTask.js
FN:4,(anonymous_0)
FN:10,(anonymous_1)
FN:20,(anonymous_2)
FN:29,(anonymous_3)
FN:32,(anonymous_4)
FN:35,(anonymous_5)
FNF:6
FNH:6
FNDA:5,(anonymous_0)
FNDA:4,(anonymous_1)
FNDA:10,(anonymous_2)
FNDA:1,(anonymous_3)
FNDA:3,(anonymous_4)
FNDA:3,(anonymous_5)
DA:2,1
DA:5,5
DA:6,5
DA:7,5
DA:11,4
DA:12,4
DA:13,0
DA:14,0
DA:17,4
DA:18,4
DA:19,4
DA:20,4
DA:21,10
DA:23,4
DA:30,1
DA:31,1
DA:32,1
DA:33,3
DA:34,1
DA:35,1
DA:36,3
DA:38,1
LF:22
LH:20
BRDA:12,0,0,0
BRDA:12,0,1,4
BRDA:17,1,0,4
BRDA:17,1,1,1
BRDA:31,2,0,1
BRDA:31,2,1,0
BRDA:33,3,0,1
BRDA:33,3,1,2
BRF:8
BRH:6
end_of_record
TN:
SF:src\modules\status.js
FN:1,updateTaskStatus
FN:2,(anonymous_1)
FN:4,(anonymous_2)
FN:5,(anonymous_3)
FN:8,(anonymous_4)
FNF:5
FNH:1
FNDA:3,updateTaskStatus
FNDA:0,(anonymous_1)
FNDA:0,(anonymous_2)
FNDA:0,(anonymous_3)
FNDA:0,(anonymous_4)
DA:2,3
DA:3,0
DA:4,0
DA:5,0
DA:6,0
DA:7,0
DA:8,0
DA:9,0
DA:10,0
DA:11,0
DA:12,0
DA:13,0
DA:14,0
DA:15,0
DA:16,0
LF:15
LH:1
BRDA:7,0,0,0
BRDA:7,0,1,0
BRDA:9,1,0,0
BRDA:9,1,1,0
BRDA:9,2,0,0
BRDA:9,2,1,0
BRDA:13,3,0,0
BRDA:13,3,1,0
BRDA:13,4,0,0
BRDA:13,4,1,0
BRF:10
BRH:0
end_of_record
