TN:
SF:src\modules\clear.js
FN:1,clearCompletedTasks
FN:3,(anonymous_1)
FN:6,(anonymous_2)
FNF:3
FNH:0
FNDA:0,clearCompletedTasks
FNDA:0,(anonymous_1)
FNDA:0,(anonymous_2)
DA:2,0
DA:3,0
DA:4,0
DA:5,0
DA:6,0
DA:7,0
DA:8,0
LF:7
LH:0
BRDA:5,0,0,0
BRDA:5,0,1,0
BRF:2
BRH:0
end_of_record
TN:
SF:src\modules\edit.js
FN:2,editTask
FN:3,(anonymous_1)
FN:4,(anonymous_2)
FN:11,(anonymous_3)
FN:13,(anonymous_4)
FNF:5
FNH:0
FNDA:0,editTask
FNDA:0,(anonymous_1)
FNDA:0,(anonymous_2)
FNDA:0,(anonymous_3)
FNDA:0,(anonymous_4)
DA:3,0
DA:4,0
DA:5,0
DA:6,0
DA:7,0
DA:11,0
DA:12,0
DA:13,0
DA:14,0
DA:15,0
DA:16,0
LF:11
LH:0
BRDA:5,0,0,0
BRDA:5,0,1,0
BRDA:12,1,0,0
BRDA:12,1,1,0
BRDA:14,2,0,0
BRDA:14,2,1,0
BRF:6
BRH:0
end_of_record
TN:
SF:src\modules\manageTask.js
FN:4,(anonymous_0)
FN:10,(anonymous_1)
FN:20,(anonymous_2)
FN:29,(anonymous_3)
FN:32,(anonymous_4)
FN:35,(anonymous_5)
FNF:6
FNH:6
FNDA:4,(anonymous_0)
FNDA:3,(anonymous_1)
FNDA:6,(anonymous_2)
FNDA:1,(anonymous_3)
FNDA:2,(anonymous_4)
FNDA:2,(anonymous_5)
DA:2,1
DA:5,4
DA:6,4
DA:7,4
DA:11,3
DA:12,3
DA:13,0
DA:14,0
DA:17,3
DA:18,3
DA:19,3
DA:20,3
DA:21,6
DA:23,3
DA:30,1
DA:31,1
DA:32,1
DA:33,2
DA:34,1
DA:35,1
DA:36,2
DA:38,1
LF:22
LH:20
BRDA:12,0,0,0
BRDA:12,0,1,3
BRDA:17,1,0,3
BRDA:17,1,1,1
BRDA:31,2,0,1
BRDA:31,2,1,0
BRDA:33,3,0,1
BRDA:33,3,1,1
BRF:8
BRH:6
end_of_record
